2025-04-14 23:27:02,538 INFO o.h.v.i.u.Version [background-preinit] HV000001: Hibernate Validator 8.0.2.Final
2025-04-14 23:27:02,896 INFO o.s.b.StartupInfoLogger [main] Starting HrmsManagerApplication using Java 22.0.2 with PID 8132 (C:\Users\Lenovo\IdeaProjects\After Party\hrmsManager\target\classes started by Lenovo in C:\Users\Lenovo\IdeaProjects\After Party\hrmsManager)
2025-04-14 23:27:02,907 DEBUG o.s.b.StartupInfoLogger [main] Running with Spring Boot v3.4.4, Spring v6.2.5
2025-04-14 23:27:02,912 INFO o.s.b.SpringApplication [main] No active profile set, falling back to 1 default profile: "default"
2025-04-14 23:27:04,494 INFO o.s.d.r.c.RepositoryConfigurationDelegate [main] Bootstrapping Spring Data JPA repositories in DEFAULT mode.
2025-04-14 23:27:04,642 INFO o.s.d.r.c.RepositoryConfigurationDelegate [main] Finished Spring Data repository scanning in 132 ms. Found 5 JPA repository interfaces.
2025-04-14 23:27:06,686 INFO o.s.b.w.e.t.TomcatWebServer [main] Tomcat initialized with port 8080 (http)
2025-04-14 23:27:06,713 INFO o.a.j.l.DirectJDKLog [main] Initializing ProtocolHandler ["http-nio-8080"]
2025-04-14 23:27:06,716 INFO o.a.j.l.DirectJDKLog [main] Starting service [Tomcat]
2025-04-14 23:27:06,717 INFO o.a.j.l.DirectJDKLog [main] Starting Servlet engine: [Apache Tomcat/10.1.39]
2025-04-14 23:27:06,875 INFO o.a.j.l.DirectJDKLog [main] Initializing Spring embedded WebApplicationContext
2025-04-14 23:27:06,881 INFO o.s.b.w.s.c.ServletWebServerApplicationContext [main] Root WebApplicationContext: initialization completed in 3851 ms
2025-04-14 23:27:07,263 INFO o.h.j.i.u.LogHelper [main] HHH000204: Processing PersistenceUnitInfo [name: default]
2025-04-14 23:27:07,411 INFO o.h.Version [main] HHH000412: Hibernate ORM core version 6.6.11.Final
2025-04-14 23:27:07,515 INFO o.h.c.i.RegionFactoryInitiator [main] HHH000026: Second-level cache disabled
2025-04-14 23:27:08,229 INFO o.s.o.j.p.SpringPersistenceUnitInfo [main] No LoadTimeWeaver setup: ignoring JPA class transformer
2025-04-14 23:27:08,310 INFO c.z.h.HikariDataSource [main] HikariPool-1 - Starting...
2025-04-14 23:27:08,765 INFO c.z.h.p.HikariPool [main] HikariPool-1 - Added connection org.postgresql.jdbc.PgConnection@4a7db5a
2025-04-14 23:27:08,767 INFO c.z.h.HikariDataSource [main] HikariPool-1 - Start completed.
2025-04-14 23:27:08,819 WARN o.h.e.j.d.i.DialectFactoryImpl [main] HHH90000025: PostgreSQLDialect does not need to be specified explicitly using 'hibernate.dialect' (remove the property setting and it will be selected by default)
2025-04-14 23:27:08,852 INFO o.h.e.j.e.i.JdbcEnvironmentInitiator [main] HHH10001005: Database info:
	Database JDBC URL [Connecting through datasource 'HikariDataSource (HikariPool-1)']
	Database driver: undefined/unknown
	Database version: 15.5
	Autocommit mode: undefined/unknown
	Isolation level: undefined/unknown
	Minimum pool size: undefined/unknown
	Maximum pool size: undefined/unknown
2025-04-14 23:27:10,428 INFO o.h.e.t.j.p.i.JtaPlatformInitiator [main] HHH000489: No JTA platform available (set 'hibernate.transaction.jta.platform' to enable JTA platform integration)
2025-04-14 23:27:10,869 INFO o.s.o.j.AbstractEntityManagerFactoryBean [main] Initialized JPA EntityManagerFactory for persistence unit 'default'
2025-04-14 23:27:11,570 DEBUG o.s.w.f.GenericFilterBean [main] Filter 'JWTAuthenticationFilter' configured for use
2025-04-14 23:27:11,867 INFO o.s.s.c.a.a.c.InitializeAuthenticationProviderBeanManagerConfigurer$InitializeAuthenticationProviderManagerConfigurer [main] Global AuthenticationManager configured with AuthenticationProvider bean with name daoAuthenticationProvider
2025-04-14 23:27:11,869 WARN o.s.s.c.a.a.c.InitializeUserDetailsBeanManagerConfigurer$InitializeUserDetailsManagerConfigurer [main] Global AuthenticationManager configured with an AuthenticationProvider bean. UserDetailsService beans will not be used by Spring Security for automatically configuring username/password login. Consider removing the AuthenticationProvider bean. Alternatively, consider using the UserDetailsService in a manually instantiated DaoAuthenticationProvider. If the current configuration is intentional, to turn off this warning, increase the logging level of 'org.springframework.security.config.annotation.authentication.configuration.InitializeUserDetailsBeanManagerConfigurer' to ERROR
2025-04-14 23:27:12,151 WARN o.s.b.a.o.j.JpaBaseConfiguration$JpaWebConfiguration [main] spring.jpa.open-in-view is enabled by default. Therefore, database queries may be performed during view rendering. Explicitly configure spring.jpa.open-in-view to disable this warning
2025-04-14 23:27:13,273 INFO o.a.j.l.DirectJDKLog [main] Starting ProtocolHandler ["http-nio-8080"]
2025-04-14 23:27:13,306 INFO o.s.b.w.e.t.TomcatWebServer [main] Tomcat started on port 8080 (http) with context path '/'
2025-04-14 23:27:13,323 INFO o.s.b.StartupInfoLogger [main] Started HrmsManagerApplication in 11.442 seconds (process running for 13.308)
2025-04-14 23:27:41,161 INFO o.s.b.w.e.t.GracefulShutdown [SpringApplicationShutdownHook] Commencing graceful shutdown. Waiting for active requests to complete
2025-04-14 23:27:41,179 INFO o.s.b.w.e.t.GracefulShutdown [tomcat-shutdown] Graceful shutdown complete
2025-04-14 23:27:41,188 INFO o.s.o.j.AbstractEntityManagerFactoryBean [SpringApplicationShutdownHook] Closing JPA EntityManagerFactory for persistence unit 'default'
2025-04-14 23:27:41,193 INFO c.z.h.HikariDataSource [SpringApplicationShutdownHook] HikariPool-1 - Shutdown initiated...
2025-04-14 23:27:41,204 INFO c.z.h.HikariDataSource [SpringApplicationShutdownHook] HikariPool-1 - Shutdown completed.
